GNURootDebianSource/build/outputs/logs/manifest-merger-armhf-debug-report.txt
-- Merging decision tree log ---
manifest
ADDED from src\main\AndroidManifest.xml:2:1-117:12
	xmlns:tools
		ADDED from src\main\AndroidManifest.xml:4:5-51
	xmlns:android
		ADDED from src\main\AndroidManifest.xml:2:11-69
	package
		ADDED from src\main\AndroidManifest.xml:3:5-33
		INJECTED from src\main\AndroidManifest.xml
		INJECTED from src\main\AndroidManifest.xml
	android:versionName
		ADDED from src\main\AndroidManifest.xml:7:5-38
		INJECTED from src\main\AndroidManifest.xml
		INJECTED from src\main\AndroidManifest.xml
	android:versionCode
		ADDED from src\main\AndroidManifest.xml:6:5-29
		INJECTED from src\main\AndroidManifest.xml
		INJECTED from src\main\AndroidManifest.xml
	android:installLocation
		ADDED from src\main\AndroidManifest.xml:5:5-45
supports-screens
ADDED from src\main\AndroidManifest.xml:9:5-14:50
MERGED from [GNURootDebian:bVNC:unspecified] AndroidManifest.xml:24:5-29:40
	android:resizeable
		ADDED from src\main\AndroidManifest.xml:9:23-48
	android:largeScreens
		ADDED from src\main\AndroidManifest.xml:12:23-50
	android:anyDensity
		ADDED from src\main\AndroidManifest.xml:14:23-48
	android:normalScreens
		ADDED from src\main\AndroidManifest.xml:11:23-51
	android:xlargeScreens
		ADDED from src\main\AndroidManifest.xml:13:23-51
	android:smallScreens
		ADDED from src\main\AndroidManifest.xml:10:23-50
uses-sdk
ADDED from src\main\AndroidManifest.xml:15:5-17:41
MERGED from [GNURootDebian:GNURootLibrary:unspecified] AndroidManifest.xml:7:5-9:41
MERGED from [com.android.support:support-v4:22.0.0] AndroidManifest.xml:20:5-43
MERGED from [com.android.support:appcompat-v7:22.0.0] AndroidManifest.xml:20:5-43
MERGED from [com.android.support:support-v4:22.0.0] AndroidManifest.xml:20:5-43
MERGED from [GNURootDebian:downloader_library:unspecified] AndroidManifest.xml:7:5-9:41
MERGED from [GNURootDebian:play_licensing:unspecified] AndroidManifest.xml:22:5-24:41
MERGED from [GNURootDebian.Android-Terminal-Emulator:term:unspecified] AndroidManifest.xml:8:5-10:41
MERGED from [GNURootDebian.Android-Terminal-Emulator:emulatorview:unspecified] AndroidManifest.xml:7:5-9:41
MERGED from [GNURootDebian.Android-Terminal-Emulator:libtermexec:unspecified] AndroidManifest.xml:7:5-9:41
MERGED from [GNURootDebian.Android-Terminal-Emulator:emulatorview:unspecified] AndroidManifest.xml:7:5-9:41
MERGED from [GNURootDebian.Android-Terminal-Emulator:libtermexec:unspecified] AndroidManifest.xml:7:5-9:41
MERGED from [GNURootDebian:bVNC:unspecified] AndroidManifest.xml:8:5-10:41
MERGED from [GNURootDebian:zoomerWithKeys:unspecified] AndroidManifest.xml:7:5-9:40
MERGED from [GNURootDebian:pubkeyGenerator:unspecified] AndroidManifest.xml:7:5-9:40
MERGED from [com.android.support:support-v4:22.0.0] AndroidManifest.xml:20:5-43
MERGED from [com.android.support:support-v4:22.0.0] AndroidManifest.xml:20:5-43
MERGED from [com.android.support:appcompat-v7:22.0.0] AndroidManifest.xml:20:5-43
MERGED from [com.android.support:support-v4:22.0.0] AndroidManifest.xml:20:5-43
	android:targetSdkVersion
		ADDED from src\main\AndroidManifest.xml:17:9-38
		INJECTED from src\main\AndroidManifest.xml
		INJECTED from src\main\AndroidManifest.xml
	android:minSdkVersion
		ADDED from src\main\AndroidManifest.xml:16:9-34
		INJECTED from src\main\AndroidManifest.xml
		INJECTED from src\main\AndroidManifest.xml
uses-feature#android.hardware.touchscreen
ADDED from src\main\AndroidManifest.xml:19:5-90
MERGED from [GNURootDebian.Android-Terminal-Emulator:term:unspecified] AndroidManifest.xml:12:5-14:36
MERGED from [GNURootDebian:bVNC:unspecified] AndroidManifest.xml:17:5-19:36
	android:required
		ADDED from src\main\AndroidManifest.xml:19:63-87
	android:name
		ADDED from src\main\AndroidManifest.xml:19:19-62
uses-permission#android.permission.INTERNET
ADDED from src\main\AndroidManifest.xml:21:5-67
MERGED from [GNURootDebian.Android-Terminal-Emulator:term:unspecified] AndroidManifest.xml:16:5-67
MERGED from [GNURootDebian:bVNC:unspecified] AndroidManifest.xml:12:5-67
	android:name
		ADDED from src\main\AndroidManifest.xml:21:22-64
uses-permission#android.permission.WRITE_EXTERNAL_STORAGE
ADDED from src\main\AndroidManifest.xml:22:5-81
MERGED from [GNURootDebian.Android-Terminal-Emulator:term:unspecified] AndroidManifest.xml:18:5-81
MERGED from [GNURootDebian:bVNC:unspecified] AndroidManifest.xml:14:5-81
	android:name
		ADDED from src\main\AndroidManifest.xml:22:22-78
uses-permission#android.permission.WAKE_LOCK
ADDED from src\main\AndroidManifest.xml:23:5-68
MERGED from [GNURootDebian.Android-Terminal-Emulator:term:unspecified] AndroidManifest.xml:20:5-68
	android:name
		ADDED from src\main\AndroidManifest.xml:23:22-65
uses-permission#com.android.vending.CHECK_LICENSE
ADDED from src\main\AndroidManifest.xml:24:5-73
MERGED from [GNURootDebian:play_licensing:unspecified] AndroidManifest.xml:26:5-73
	android:name
		ADDED from src\main\AndroidManifest.xml:24:22-70
uses-permission#android.permission.ACCESS_NETWORK_STATE
ADDED from src\main\AndroidManifest.xml:25:5-79
MERGED from [GNURootDebian:bVNC:unspecified] AndroidManifest.xml:13:5-79
	android:name
		ADDED from src\main\AndroidManifest.xml:25:22-76
uses-permission#android.permission.ACCESS_WIFI_STATE
ADDED from src\main\AndroidManifest.xml:26:5-75
	android:name
		ADDED from src\main\AndroidManifest.xml:26:22-73
application
ADDED from src\main\AndroidManifest.xml:28:5-115:19
MERGED from [GNURootDebian:GNURootLibrary:unspecified] AndroidManifest.xml:11:5-15:19
MERGED from [com.android.support:support-v4:22.0.0] AndroidManifest.xml:22:5-20
MERGED from [com.android.support:appcompat-v7:22.0.0] AndroidManifest.xml:22:5-20
MERGED from [com.android.support:support-v4:22.0.0] AndroidManifest.xml:22:5-20
MERGED from [GNURootDebian.Android-Terminal-Emulator:term:unspecified] AndroidManifest.xml:41:5-176:19
MERGED from [GNURootDebian.Android-Terminal-Emulator:libtermexec:unspecified] AndroidManifest.xml:11:5-20
MERGED from [GNURootDebian.Android-Terminal-Emulator:libtermexec:unspecified] AndroidManifest.xml:11:5-20
MERGED from [GNURootDebian:bVNC:unspecified] AndroidManifest.xml:31:5-105:19
MERGED from [GNURootDebian:zoomerWithKeys:unspecified] AndroidManifest.xml:11:5-12:19
MERGED from [GNURootDebian:pubkeyGenerator:unspecified] AndroidManifest.xml:11:5-19:19
MERGED from [com.android.support:support-v4:22.0.0] AndroidManifest.xml:22:5-20
MERGED from [com.android.support:support-v4:22.0.0] AndroidManifest.xml:22:5-20
MERGED from [com.android.support:appcompat-v7:22.0.0] AndroidManifest.xml:22:5-20
MERGED from [com.android.support:support-v4:22.0.0] AndroidManifest.xml:22:5-20
	android:label
		ADDED from src\main\AndroidManifest.xml:32:9-41
		REJECTED from [GNURootDebian:GNURootLibrary:unspecified] AndroidManifest.xml:13:9-41
		REJECTED from [GNURootDebian.Android-Terminal-Emulator:term:unspecified] AndroidManifest.xml:44:9-53
		REJECTED from [GNURootDebian:bVNC:unspecified] AndroidManifest.xml:34:9-39
		REJECTED from [GNURootDebian:zoomerWithKeys:unspecified] AndroidManifest.xml:11:18-48
		REJECTED from [GNURootDebian:pubkeyGenerator:unspecified] AndroidManifest.xml:12:9-39
	android:allowBackup
		ADDED from src\main\AndroidManifest.xml:30:9-35
		REJECTED from [GNURootDebian:bVNC:unspecified] AndroidManifest.xml:32:9-36
	android:icon
		ADDED from src\main\AndroidManifest.xml:31:9-45
		REJECTED from [GNURootDebian:GNURootLibrary:unspecified] AndroidManifest.xml:12:9-45
		REJECTED from [GNURootDebian.Android-Terminal-Emulator:term:unspecified] AndroidManifest.xml:43:9-45
		REJECTED from [GNURootDebian:bVNC:unspecified] AndroidManifest.xml:33:9-38
	android:hardwareAccelerated
		ADDED from [GNURootDebian.Android-Terminal-Emulator:term:unspecified] AndroidManifest.xml:42:9-43
	android:theme
		ADDED from src\main\AndroidManifest.xml:33:9-47
		REJECTED from [GNURootDebian:GNURootLibrary:unspecified] AndroidManifest.xml:14:9-40
		REJECTED from [GNURootDebian.Android-Terminal-Emulator:term:unspecified] AndroidManifest.xml:45:9-37
		REJECTED from [GNURootDebian:bVNC:unspecified] AndroidManifest.xml:35:9-40
		REJECTED from [GNURootDebian:pubkeyGenerator:unspecified] AndroidManifest.xml:13:9-40
	tools:replace
		ADDED from src\main\AndroidManifest.xml:29:9-88
activity#com.gnuroot.debian.GNURootMain
ADDED from src\main\AndroidManifest.xml:34:9-52:20
	android:label
		ADDED from src\main\AndroidManifest.xml:37:13-45
	android:configChanges
		ADDED from src\main\AndroidManifest.xml:39:13-72
	tools:replace
		ADDED from src\main\AndroidManifest.xml:35:13-56
	android:name
		ADDED from src\main\AndroidManifest.xml:36:13-58
	android:launchMode
		ADDED from src\main\AndroidManifest.xml:38:10-41
intent-filter#android.intent.action.MAIN+android.intent.category.LAUNCHER
ADDED from src\main\AndroidManifest.xml:40:13-43:29
action#android.intent.action.MAIN
ADDED from src\main\AndroidManifest.xml:41:17-69
	android:name
		ADDED from src\main\AndroidManifest.xml:41:25-66
category#android.intent.category.LAUNCHER
ADDED from src\main\AndroidManifest.xml:42:17-77
	android:name
		ADDED from src\main\AndroidManifest.xml:42:27-74
intent-filter#android.intent.category.DEFAULT+com.gnuroot.debian.NEW_WINDOW
ADDED from src\main\AndroidManifest.xml:44:13-47:29
	android:label
		ADDED from src\main\AndroidManifest.xml:44:28-59
action#com.gnuroot.debian.NEW_WINDOW
ADDED from src\main\AndroidManifest.xml:45:17-72
	android:name
		ADDED from src\main\AndroidManifest.xml:45:25-69
category#android.intent.category.DEFAULT
ADDED from src\main\AndroidManifest.xml:46:17-76
	android:name
		ADDED from src\main\AndroidManifest.xml:46:27-73
intent-filter#android.intent.category.DEFAULT+com.gnuroot.debian.NEW_XWINDOW
ADDED from src\main\AndroidManifest.xml:48:13-51:29
	android:label
		ADDED from src\main\AndroidManifest.xml:48:28-60
action#com.gnuroot.debian.NEW_XWINDOW
ADDED from src\main\AndroidManifest.xml:49:17-73
	android:name
		ADDED from src\main\AndroidManifest.xml:49:25-70
service#com.gnuroot.debian.GNURootService
ADDED from src\main\AndroidManifest.xml:54:9-97:13
	android:exported
		ADDED from src\main\AndroidManifest.xml:56:13-36
	android:name
		ADDED from src\main\AndroidManifest.xml:55:13-61
intent-filter#android.intent.category.DEFAULT+com.gnuroot.debian.INSTALL_TAR
ADDED from src\main\AndroidManifest.xml:57:4-62:20
action#com.gnuroot.debian.INSTALL_TAR
ADDED from src\main\AndroidManifest.xml:58:5-61
	android:name
		ADDED from src\main\AndroidManifest.xml:58:13-58
data
ADDED from src\main\AndroidManifest.xml:60:5-37
	android:scheme
		ADDED from src\main\AndroidManifest.xml:60:11-35
intent-filter#android.intent.category.DEFAULT+com.gnuroot.debian.RUN_SCRIPT_STR
ADDED from src\main\AndroidManifest.xml:69:4-72:20
action#com.gnuroot.debian.RUN_SCRIPT_STR
ADDED from src\main\AndroidManifest.xml:70:5-64
	android:name
		ADDED from src\main\AndroidManifest.xml:70:13-61
intent-filter#android.intent.category.DEFAULT+com.gnuroot.debian.RUN_XSCRIPT_STR
ADDED from src\main\AndroidManifest.xml:73:13-76:29
action#com.gnuroot.debian.RUN_XSCRIPT_STR
ADDED from src\main\AndroidManifest.xml:74:17-77
	android:name
		ADDED from src\main\AndroidManifest.xml:74:25-74
intent-filter#android.intent.category.DEFAULT+com.gnuroot.debian.RUN_BLOCKING_SCRIPT_STR
ADDED from src\main\AndroidManifest.xml:77:13-80:29
action#com.gnuroot.debian.RUN_BLOCKING_SCRIPT_STR
ADDED from src\main\AndroidManifest.xml:78:17-85
	android:name
		ADDED from src\main\AndroidManifest.xml:78:25-82
intent-filter#android.intent.category.DEFAULT+com.gnuroot.debian.INSTALL_PACKAGES
ADDED from src\main\AndroidManifest.xml:81:4-84:20
action#com.gnuroot.debian.INSTALL_PACKAGES
ADDED from src\main\AndroidManifest.xml:82:5-66
	android:name
		ADDED from src\main\AndroidManifest.xml:82:13-63
intent-filter#android.intent.category.DEFAULT+com.gnuroot.debian.CHECK_STATUS
ADDED from src\main\AndroidManifest.xml:85:4-88:20
action#com.gnuroot.debian.CHECK_STATUS
ADDED from src\main\AndroidManifest.xml:86:5-62
	android:name
		ADDED from src\main\AndroidManifest.xml:86:13-59
intent-filter#android.intent.category.DEFAULT+com.gnuroot.debian.CHECK_PREREQ
ADDED from src\main\AndroidManifest.xml:89:13-92:29
action#com.gnuroot.debian.CHECK_PREREQ
ADDED from src\main\AndroidManifest.xml:90:17-74
	android:name
		ADDED from src\main\AndroidManifest.xml:90:25-71
intent-filter#android.intent.category.DEFAULT+com.gnuroot.debian.CONNECT_VNC_VIEWER
ADDED from src\main\AndroidManifest.xml:93:13-96:29
action#com.gnuroot.debian.CONNECT_VNC_VIEWER
ADDED from src\main\AndroidManifest.xml:94:17-80
	android:name
		ADDED from src\main\AndroidManifest.xml:94:25-77
activity#com.gnuroot.debian.GNURootDownloaderActivity
ADDED from src\main\AndroidManifest.xml:99:9-102:20
	android:configChanges
		ADDED from src\main\AndroidManifest.xml:101:17-76
	android:excludeFromRecents
		ADDED from src\main\AndroidManifest.xml:100:17-50
	android:name
		ADDED from src\main\AndroidManifest.xml:99:19-78
service#com.gnuroot.debian.GNURootDownloaderService
ADDED from src\main\AndroidManifest.xml:103:9-79
	android:name
		ADDED from src\main\AndroidManifest.xml:103:18-76
receiver#com.gnuroot.debian.GNURootAlarmReceiver
ADDED from src\main\AndroidManifest.xml:104:9-76
	android:name
		ADDED from src\main\AndroidManifest.xml:104:19-73
provider#android.support.v4.content.FileProvider
ADDED from src\main\AndroidManifest.xml:106:9-114:20
	android:grantUriPermissions
		ADDED from src\main\AndroidManifest.xml:109:13-47
	android:exported
		ADDED from src\main\AndroidManifest.xml:110:13-37
	android:authorities
		ADDED from src\main\AndroidManifest.xml:108:13-66
	android:name
		ADDED from src\main\AndroidManifest.xml:107:13-67
meta-data#android.support.FILE_PROVIDER_PATHS
ADDED from src\main\AndroidManifest.xml:111:13-113:49
	android:resource
		ADDED from src\main\AndroidManifest.xml:113:17-46
	android:name
		ADDED from src\main\AndroidManifest.xml:112:17-67
uses-permission#android.permission.READ_EXTERNAL_STORAGE
ADDED from [GNURootDebian.Android-Terminal-Emulator:term:unspecified] AndroidManifest.xml:17:5-80
	android:name
		ADDED from [GNURootDebian.Android-Terminal-Emulator:term:unspecified] AndroidManifest.xml:17:22-77
uses-permission#android.permission.ACCESS_SUPERUSER
ADDED from [GNURootDebian.Android-Terminal-Emulator:term:unspecified] AndroidManifest.xml:19:5-75
	android:name
		ADDED from [GNURootDebian.Android-Terminal-Emulator:term:unspecified] AndroidManifest.xml:19:22-72
permission#jackpal.androidterm.permission.RUN_SCRIPT
ADDED from [GNURootDebian.Android-Terminal-Emulator:term:unspecified] AndroidManifest.xml:22:5-27:47
	android:label
		ADDED from [GNURootDebian.Android-Terminal-Emulator:term:unspecified] AndroidManifest.xml:25:9-48
	android:protectionLevel
		ADDED from [GNURootDebian.Android-Terminal-Emulator:term:unspecified] AndroidManifest.xml:27:9-44
	android:description
		ADDED from [GNURootDebian.Android-Terminal-Emulator:term:unspecified] AndroidManifest.xml:24:9-58
	android:permissionGroup
		ADDED from [GNURootDebian.Android-Terminal-Emulator:term:unspecified] AndroidManifest.xml:26:9-72
	android:name
		ADDED from [GNURootDebian.Android-Terminal-Emulator:term:unspecified] AndroidManifest.xml:23:9-65
permission#jackpal.androidterm.permission.APPEND_TO_PATH
ADDED from [GNURootDebian.Android-Terminal-Emulator:term:unspecified] AndroidManifest.xml:28:5-33:47
	android:label
		ADDED from [GNURootDebian.Android-Terminal-Emulator:term:unspecified] AndroidManifest.xml:31:9-52
	android:protectionLevel
		ADDED from [GNURootDebian.Android-Terminal-Emulator:term:unspecified] AndroidManifest.xml:33:9-44
	android:description
		ADDED from [GNURootDebian.Android-Terminal-Emulator:term:unspecified] AndroidManifest.xml:30:9-62
	android:permissionGroup
		ADDED from [GNURootDebian.Android-Terminal-Emulator:term:unspecified] AndroidManifest.xml:32:9-72
	android:name
		ADDED from [GNURootDebian.Android-Terminal-Emulator:term:unspecified] AndroidManifest.xml:29:9-69
permission#jackpal.androidterm.permission.PREPEND_TO_PATH
ADDED from [GNURootDebian.Android-Terminal-Emulator:term:unspecified] AndroidManifest.xml:34:5-39:47
	android:label
		ADDED from [GNURootDebian.Android-Terminal-Emulator:term:unspecified] AndroidManifest.xml:37:9-53
	android:protectionLevel
		ADDED from [GNURootDebian.Android-Terminal-Emulator:term:unspecified] AndroidManifest.xml:39:9-44
	android:description
		ADDED from [GNURootDebian.Android-Terminal-Emulator:term:unspecified] AndroidManifest.xml:36:9-63
	android:permissionGroup
		ADDED from [GNURootDebian.Android-Terminal-Emulator:term:unspecified] AndroidManifest.xml:38:9-72
	android:name
		ADDED from [GNURootDebian.Android-Terminal-Emulator:term:unspecified] AndroidManifest.xml:35:9-70
activity#jackpal.androidterm.Term
ADDED from [GNURootDebian.Android-Terminal-Emulator:term:unspecified] AndroidManifest.xml:46:9-57:20
	android:windowSoftInputMode
		ADDED from [GNURootDebian.Android-Terminal-Emulator:term:unspecified] AndroidManifest.xml:50:13-74
	android:configChanges
		ADDED from [GNURootDebian.Android-Terminal-Emulator:term:unspecified] AndroidManifest.xml:48:13-72
	android:name
		ADDED from [GNURootDebian.Android-Terminal-Emulator:term:unspecified] AndroidManifest.xml:47:13-52
	android:launchMode
		ADDED from [GNURootDebian.Android-Terminal-Emulator:term:unspecified] AndroidManifest.xml:49:13-44
intent-filter#android.intent.action.MAIN+android.intent.category.LAUNCHER+android.intent.category.MULTIWINDOW_LAUNCHER
ADDED from [GNURootDebian.Android-Terminal-Emulator:term:unspecified] AndroidManifest.xml:51:13-56:29
category#android.intent.category.MULTIWINDOW_LAUNCHER
ADDED from [GNURootDebian.Android-Terminal-Emulator:term:unspecified] AndroidManifest.xml:55:17-89
	android:name
		ADDED from [GNURootDebian.Android-Terminal-Emulator:term:unspecified] AndroidManifest.xml:55:27-86
activity-alias#jackpal.androidterm.TermInternal
ADDED from [GNURootDebian.Android-Terminal-Emulator:term:unspecified] AndroidManifest.xml:59:9-73:26
	android:exported
		ADDED from [GNURootDebian.Android-Terminal-Emulator:term:unspecified] AndroidManifest.xml:61:13-37
	android:targetActivity
		ADDED from [GNURootDebian.Android-Terminal-Emulator:term:unspecified] AndroidManifest.xml:62:13-62
	android:name
		ADDED from [GNURootDebian.Android-Terminal-Emulator:term:unspecified] AndroidManifest.xml:60:13-60
intent-filter#android.intent.category.DEFAULT+jackpal.androidterm.private.gnurootdebian.OPEN_NEW_WINDOW
ADDED from [GNURootDebian.Android-Terminal-Emulator:term:unspecified] AndroidManifest.xml:63:13-67:29
action#jackpal.androidterm.private.gnurootdebian.OPEN_NEW_WINDOW
ADDED from [GNURootDebian.Android-Terminal-Emulator:term:unspecified] AndroidManifest.xml:64:17-100
	android:name
		ADDED from [GNURootDebian.Android-Terminal-Emulator:term:unspecified] AndroidManifest.xml:64:25-97
intent-filter#android.intent.category.DEFAULT+jackpal.androidterm.private.gnurootdebian.SWITCH_WINDOW
ADDED from [GNURootDebian.Android-Terminal-Emulator:term:unspecified] AndroidManifest.xml:68:13-72:29
action#jackpal.androidterm.private.gnurootdebian.SWITCH_WINDOW
ADDED from [GNURootDebian.Android-Terminal-Emulator:term:unspecified] AndroidManifest.xml:69:17-98
	android:name
		ADDED from [GNURootDebian.Android-Terminal-Emulator:term:unspecified] AndroidManifest.xml:69:25-95
activity#jackpal.androidterm.RemoteInterface
ADDED from [GNURootDebian.Android-Terminal-Emulator:term:unspecified] AndroidManifest.xml:75:9-83:20
	android:excludeFromRecents
		ADDED from [GNURootDebian.Android-Terminal-Emulator:term:unspecified] AndroidManifest.xml:77:13-46
	android:name
		ADDED from [GNURootDebian.Android-Terminal-Emulator:term:unspecified] AndroidManifest.xml:76:13-63
intent-filter#android.intent.category.DEFAULT+jackpal.androidterm.OPEN_NEW_WINDOW
ADDED from [GNURootDebian.Android-Terminal-Emulator:term:unspecified] AndroidManifest.xml:78:13-82:29
action#jackpal.androidterm.OPEN_NEW_WINDOW
ADDED from [GNURootDebian.Android-Terminal-Emulator:term:unspecified] AndroidManifest.xml:79:17-78
	android:name
		ADDED from [GNURootDebian.Android-Terminal-Emulator:term:unspecified] AndroidManifest.xml:79:25-75
activity-alias#jackpal.androidterm.TermHere
ADDED from [GNURootDebian.Android-Terminal-Emulator:term:unspecified] AndroidManifest.xml:85:9-97:26
	android:label
		ADDED from [GNURootDebian.Android-Terminal-Emulator:term:unspecified] AndroidManifest.xml:88:13-61
	android:exported
		ADDED from [GNURootDebian.Android-Terminal-Emulator:term:unspecified] AndroidManifest.xml:87:13-36
	android:targetActivity
		ADDED from [GNURootDebian.Android-Terminal-Emulator:term:unspecified] AndroidManifest.xml:89:13-73
	android:name
		ADDED from [GNURootDebian.Android-Terminal-Emulator:term:unspecified] AndroidManifest.xml:86:13-56
intent-filter#android.intent.action.SEND+android.intent.category.DEFAULT
ADDED from [GNURootDebian.Android-Terminal-Emulator:term:unspecified] AndroidManifest.xml:90:13-96:29
action#android.intent.action.SEND
ADDED from [GNURootDebian.Android-Terminal-Emulator:term:unspecified] AndroidManifest.xml:91:17-69
	android:name
		ADDED from [GNURootDebian.Android-Terminal-Emulator:term:unspecified] AndroidManifest.xml:91:25-66
activity#jackpal.androidterm.RunScript
ADDED from [GNURootDebian.Android-Terminal-Emulator:term:unspecified] AndroidManifest.xml:99:9-108:20
	android:permission
		ADDED from [GNURootDebian.Android-Terminal-Emulator:term:unspecified] AndroidManifest.xml:102:13-75
	android:excludeFromRecents
		ADDED from [GNURootDebian.Android-Terminal-Emulator:term:unspecified] AndroidManifest.xml:101:13-46
	android:name
		ADDED from [GNURootDebian.Android-Terminal-Emulator:term:unspecified] AndroidManifest.xml:100:13-57
intent-filter#android.intent.category.DEFAULT+jackpal.androidterm.RUN_SCRIPT
ADDED from [GNURootDebian.Android-Terminal-Emulator:term:unspecified] AndroidManifest.xml:103:13-107:29
action#jackpal.androidterm.RUN_SCRIPT
ADDED from [GNURootDebian.Android-Terminal-Emulator:term:unspecified] AndroidManifest.xml:104:17-73
	android:name
		ADDED from [GNURootDebian.Android-Terminal-Emulator:term:unspecified] AndroidManifest.xml:104:25-70
activity#jackpal.androidterm.RunShortcut
ADDED from [GNURootDebian.Android-Terminal-Emulator:term:unspecified] AndroidManifest.xml:109:9-117:20
	android:excludeFromRecents
		ADDED from [GNURootDebian.Android-Terminal-Emulator:term:unspecified] AndroidManifest.xml:111:13-46
	android:name
		ADDED from [GNURootDebian.Android-Terminal-Emulator:term:unspecified] AndroidManifest.xml:110:13-59
intent-filter#android.intent.category.DEFAULT+jackpal.androidterm.RUN_SHORTCUT
ADDED from [GNURootDebian.Android-Terminal-Emulator:term:unspecified] AndroidManifest.xml:112:13-116:29
action#jackpal.androidterm.RUN_SHORTCUT
ADDED from [GNURootDebian.Android-Terminal-Emulator:term:unspecified] AndroidManifest.xml:113:17-75
	android:name
		ADDED from [GNURootDebian.Android-Terminal-Emulator:term:unspecified] AndroidManifest.xml:113:25-72
activity#jackpal.androidterm.TermPreferences
ADDED from [GNURootDebian.Android-Terminal-Emulator:term:unspecified] AndroidManifest.xml:118:9-120:51
	android:label
		ADDED from [GNURootDebian.Android-Terminal-Emulator:term:unspecified] AndroidManifest.xml:120:13-48
	android:name
		ADDED from [GNURootDebian.Android-Terminal-Emulator:term:unspecified] AndroidManifest.xml:119:13-63
activity#jackpal.androidterm.WindowList
ADDED from [GNURootDebian.Android-Terminal-Emulator:term:unspecified] AndroidManifest.xml:121:9-123:51
	android:label
		ADDED from [GNURootDebian.Android-Terminal-Emulator:term:unspecified] AndroidManifest.xml:123:13-48
	android:name
		ADDED from [GNURootDebian.Android-Terminal-Emulator:term:unspecified] AndroidManifest.xml:122:13-58
service#jackpal.androidterm.TermService
ADDED from [GNURootDebian.Android-Terminal-Emulator:term:unspecified] AndroidManifest.xml:125:9-131:19
	android:name
		ADDED from [GNURootDebian.Android-Terminal-Emulator:term:unspecified] AndroidManifest.xml:125:18-64
intent-filter#android.intent.category.DEFAULT+jackpal.androidterm.action.START_TERM.v1
ADDED from [GNURootDebian.Android-Terminal-Emulator:term:unspecified] AndroidManifest.xml:126:13-130:29
action#jackpal.androidterm.action.START_TERM.v1
ADDED from [GNURootDebian.Android-Terminal-Emulator:term:unspecified] AndroidManifest.xml:127:17-83
	android:name
		ADDED from [GNURootDebian.Android-Terminal-Emulator:term:unspecified] AndroidManifest.xml:127:25-80
activity#jackpal.androidterm.shortcuts.AddShortcut
ADDED from [GNURootDebian.Android-Terminal-Emulator:term:unspecified] AndroidManifest.xml:133:9-150:20
	android:label
		ADDED from [GNURootDebian.Android-Terminal-Emulator:term:unspecified] AndroidManifest.xml:136:13-61
	android:configChanges
		ADDED from [GNURootDebian.Android-Terminal-Emulator:term:unspecified] AndroidManifest.xml:135:13-72
	android:theme
		ADDED from [GNURootDebian.Android-Terminal-Emulator:term:unspecified] AndroidManifest.xml:138:13-72
	android:name
		ADDED from [GNURootDebian.Android-Terminal-Emulator:term:unspecified] AndroidManifest.xml:134:13-69
	android:launchMode
		ADDED from [GNURootDebian.Android-Terminal-Emulator:term:unspecified] AndroidManifest.xml:137:13-43
intent-filter#android.intent.action.MAIN
ADDED from [GNURootDebian.Android-Terminal-Emulator:term:unspecified] AndroidManifest.xml:139:13-141:29
intent-filter#android.intent.action.CREATE_SHORTCUT
ADDED from [GNURootDebian.Android-Terminal-Emulator:term:unspecified] AndroidManifest.xml:142:13-144:29
action#android.intent.action.CREATE_SHORTCUT
ADDED from [GNURootDebian.Android-Terminal-Emulator:term:unspecified] AndroidManifest.xml:143:17-80
	android:name
		ADDED from [GNURootDebian.Android-Terminal-Emulator:term:unspecified] AndroidManifest.xml:143:25-77
intent-filter#android.intent.category.DEFAULT
ADDED from [GNURootDebian.Android-Terminal-Emulator:term:unspecified] AndroidManifest.xml:145:13-149:29
activity#jackpal.androidterm.shortcuts.FSNavigator
ADDED from [GNURootDebian.Android-Terminal-Emulator:term:unspecified] AndroidManifest.xml:151:9-170:20
	android:label
		ADDED from [GNURootDebian.Android-Terminal-Emulator:term:unspecified] AndroidManifest.xml:155:13-68
	android:configChanges
		ADDED from [GNURootDebian.Android-Terminal-Emulator:term:unspecified] AndroidManifest.xml:153:13-63
	android:exported
		ADDED from [GNURootDebian.Android-Terminal-Emulator:term:unspecified] AndroidManifest.xml:154:13-36
	android:name
		ADDED from [GNURootDebian.Android-Terminal-Emulator:term:unspecified] AndroidManifest.xml:152:13-69
	android:launchMode
		ADDED from [GNURootDebian.Android-Terminal-Emulator:term:unspecified] AndroidManifest.xml:156:13-43
intent-filter#android.intent.action.PICK+android.intent.category.DEFAULT
ADDED from [GNURootDebian.Android-Terminal-Emulator:term:unspecified] AndroidManifest.xml:157:13-161:29
action#android.intent.action.PICK
ADDED from [GNURootDebian.Android-Terminal-Emulator:term:unspecified] AndroidManifest.xml:158:17-69
	android:name
		ADDED from [GNURootDebian.Android-Terminal-Emulator:term:unspecified] AndroidManifest.xml:158:25-66
intent-filter#android.intent.action.GET_CONTENT+android.intent.category.DEFAULT+android.intent.category.OPENABLE
ADDED from [GNURootDebian.Android-Terminal-Emulator:term:unspecified] AndroidManifest.xml:162:13-169:29
action#android.intent.action.GET_CONTENT
ADDED from [GNURootDebian.Android-Terminal-Emulator:term:unspecified] AndroidManifest.xml:163:17-76
	android:name
		ADDED from [GNURootDebian.Android-Terminal-Emulator:term:unspecified] AndroidManifest.xml:163:25-73
category#android.intent.category.OPENABLE
ADDED from [GNURootDebian.Android-Terminal-Emulator:term:unspecified] AndroidManifest.xml:166:17-77
	android:name
		ADDED from [GNURootDebian.Android-Terminal-Emulator:term:unspecified] AndroidManifest.xml:166:27-74
meta-data#com.sec.android.support.multiwindow
ADDED from [GNURootDebian.Android-Terminal-Emulator:term:unspecified] AndroidManifest.xml:172:9-175:21
MERGED from [GNURootDebian:bVNC:unspecified] AndroidManifest.xml:90:9-92:36
	android:name
		ADDED from [GNURootDebian.Android-Terminal-Emulator:term:unspecified] AndroidManifest.xml:173:13-63
	android:value
		ADDED from [GNURootDebian.Android-Terminal-Emulator:term:unspecified] AndroidManifest.xml:174:13-33
uses-feature#android.hardware.microphone
ADDED from [GNURootDebian:bVNC:unspecified] AndroidManifest.xml:20:5-22:36
	android:required
		ADDED from [GNURootDebian:bVNC:unspecified] AndroidManifest.xml:22:9-33
	android:name
		ADDED from [GNURootDebian:bVNC:unspecified] AndroidManifest.xml:21:9-51
activity#com.iiordanov.bVNC.bVNC
ADDED from [GNURootDebian:bVNC:unspecified] AndroidManifest.xml:36:9-43:20
	android:windowSoftInputMode
		ADDED from [GNURootDebian:bVNC:unspecified] AndroidManifest.xml:42:13-67
	android:screenOrientation
		ADDED from [GNURootDebian:bVNC:unspecified] AndroidManifest.xml:40:13-52
	android:label
		ADDED from [GNURootDebian:bVNC:unspecified] AndroidManifest.xml:39:13-45
	android:configChanges
		ADDED from [GNURootDebian:bVNC:unspecified] AndroidManifest.xml:38:13-63
	android:theme
		ADDED from [GNURootDebian:bVNC:unspecified] AndroidManifest.xml:41:13-63
	android:name
		ADDED from [GNURootDebian:bVNC:unspecified] AndroidManifest.xml:37:13-51
activity#com.iiordanov.bVNC.RemoteCanvasActivity
ADDED from [GNURootDebian:bVNC:unspecified] AndroidManifest.xml:44:9-67:20
	android:windowSoftInputMode
		ADDED from [GNURootDebian:bVNC:unspecified] AndroidManifest.xml:49:13-67
	android:screenOrientation
		ADDED from [GNURootDebian:bVNC:unspecified] AndroidManifest.xml:47:13-52
	android:configChanges
		ADDED from [GNURootDebian:bVNC:unspecified] AndroidManifest.xml:46:13-72
	android:theme
		ADDED from [GNURootDebian:bVNC:unspecified] AndroidManifest.xml:48:13-63
	android:name
		ADDED from [GNURootDebian:bVNC:unspecified] AndroidManifest.xml:45:13-67
intent-filter#android.intent.action.VIEW
ADDED from [GNURootDebian:bVNC:unspecified] AndroidManifest.xml:50:13-52:29
action#android.intent.action.VIEW
ADDED from [GNURootDebian:bVNC:unspecified] AndroidManifest.xml:51:17-69